{"total": {"lines":{"total":345,"covered":270,"skipped":0,"pct":78.26},"statements":{"total":345,"covered":270,"skipped":0,"pct":78.26},"functions":{"total":40,"covered":26,"skipped":0,"pct":65},"branches":{"total":105,"covered":55,"skipped":0,"pct":52.38},"branchesTrue":{"total":0,"covered":0,"skipped":0,"pct":"Unknown"}}
,"D:\\Julyanffzz\\IonicLink\\frontend\\src\\lib\\integratedExplorerHelpers.ts": {"lines":{"total":230,"covered":168,"skipped":0,"pct":73.04},"functions":{"total":26,"covered":14,"skipped":0,"pct":53.84},"statements":{"total":230,"covered":168,"skipped":0,"pct":73.04},"branches":{"total":74,"covered":33,"skipped":0,"pct":44.59}}
,"D:\\Julyanffzz\\IonicLink\\frontend\\src\\lib\\session.ts": {"lines":{"total":110,"covered":97,"skipped":0,"pct":88.18},"functions":{"total":13,"covered":11,"skipped":0,"pct":84.61},"statements":{"total":110,"covered":97,"skipped":0,"pct":88.18},"branches":{"total":30,"covered":21,"skipped":0,"pct":70}}
,"D:\\Julyanffzz\\IonicLink\\frontend\\src\\lib\\utils.ts": {"lines":{"total":5,"covered":5,"skipped":0,"pct":100},"functions":{"total":1,"covered":1,"skipped":0,"pct":100},"statements":{"total":5,"covered":5,"skipped":0,"pct":100},"branches":{"total":1,"covered":1,"skipped":0,"pct":100}}
}
